Checking whether the ASM compiler is GNU using "--version" did not match "(GNU assembler)|(GCC)|(Free Software Foundation)":
Apple clang version 12.0.0 (clang-1200.0.32.28)
Target: x86_64-apple-darwin19.6.0
Thread model: posix
InstalledDir: /Applications/Xcode.app/Contents/Developer/Toolchains/XcodeDefault.xctoolchain/usr/bin
Determining if the include file link.h exists failed with the following output:
Change Dir: /Users/maxwellkapral/llvm-project/build/CMakeFiles/CMakeTmp

Run Build Command(s):/usr/bin/make cmTC_f5bf4/fast && /Applications/Xcode.app/Contents/Developer/usr/bin/make  -f CMakeFiles/cmTC_f5bf4.dir/build.make CMakeFiles/cmTC_f5bf4.dir/build
Building C object CMakeFiles/cmTC_f5bf4.dir/CheckIncludeFile.c.o
/Applications/Xcode.app/Contents/Developer/Toolchains/XcodeDefault.xctoolchain/usr/bin/cc   -isysroot /Applications/Xcode.app/Contents/Developer/Platforms/MacOSX.platform/Developer/SDKs/MacOSX11.1.sdk -mmacosx-version-min=10.15 -o CMakeFiles/cmTC_f5bf4.dir/CheckIncludeFile.c.o -c /Users/maxwellkapral/llvm-project/build/CMakeFiles/CMakeTmp/CheckIncludeFile.c
/Users/maxwellkapral/llvm-project/build/CMakeFiles/CMakeTmp/CheckIncludeFile.c:1:10: fatal error: 'link.h' file not found
#include <link.h>
         ^~~~~~~~
1 error generated.
make[1]: *** [CMakeFiles/cmTC_f5bf4.dir/CheckIncludeFile.c.o] Error 1
make: *** [cmTC_f5bf4/fast] Error 2



Determining if the include file valgrind/valgrind.h exists failed with the following output:
Change Dir: /Users/maxwellkapral/llvm-project/build/CMakeFiles/CMakeTmp

Run Build Command(s):/usr/bin/make cmTC_89dd6/fast && /Applications/Xcode.app/Contents/Developer/usr/bin/make  -f CMakeFiles/cmTC_89dd6.dir/build.make CMakeFiles/cmTC_89dd6.dir/build
Building C object CMakeFiles/cmTC_89dd6.dir/CheckIncludeFile.c.o
/Applications/Xcode.app/Contents/Developer/Toolchains/XcodeDefault.xctoolchain/usr/bin/cc   -isysroot /Applications/Xcode.app/Contents/Developer/Platforms/MacOSX.platform/Developer/SDKs/MacOSX11.1.sdk -mmacosx-version-min=10.15 -o CMakeFiles/cmTC_89dd6.dir/CheckIncludeFile.c.o -c /Users/maxwellkapral/llvm-project/build/CMakeFiles/CMakeTmp/CheckIncludeFile.c
/Users/maxwellkapral/llvm-project/build/CMakeFiles/CMakeTmp/CheckIncludeFile.c:1:10: fatal error: 'valgrind/valgrind.h' file not found
#include <valgrind/valgrind.h>
         ^~~~~~~~~~~~~~~~~~~~~
1 error generated.
make[1]: *** [CMakeFiles/cmTC_89dd6.dir/CheckIncludeFile.c.o] Error 1
make: *** [cmTC_89dd6/fast] Error 2



Determining if the include file CrashReporterClient.h exists failed with the following output:
Change Dir: /Users/maxwellkapral/llvm-project/build/CMakeFiles/CMakeTmp

Run Build Command(s):/usr/bin/make cmTC_14e9a/fast && /Applications/Xcode.app/Contents/Developer/usr/bin/make  -f CMakeFiles/cmTC_14e9a.dir/build.make CMakeFiles/cmTC_14e9a.dir/build
Building C object CMakeFiles/cmTC_14e9a.dir/CheckIncludeFile.c.o
/Applications/Xcode.app/Contents/Developer/Toolchains/XcodeDefault.xctoolchain/usr/bin/cc   -isysroot /Applications/Xcode.app/Contents/Developer/Platforms/MacOSX.platform/Developer/SDKs/MacOSX11.1.sdk -mmacosx-version-min=10.15 -o CMakeFiles/cmTC_14e9a.dir/CheckIncludeFile.c.o -c /Users/maxwellkapral/llvm-project/build/CMakeFiles/CMakeTmp/CheckIncludeFile.c
/Users/maxwellkapral/llvm-project/build/CMakeFiles/CMakeTmp/CheckIncludeFile.c:1:10: fatal error: 'CrashReporterClient.h' file not found
#include <CrashReporterClient.h>
         ^~~~~~~~~~~~~~~~~~~~~~~
1 error generated.
make[1]: *** [CMakeFiles/cmTC_14e9a.dir/CheckIncludeFile.c.o] Error 1
make: *** [cmTC_14e9a/fast] Error 2



Determining if the function clock_gettime exists in the rt failed with the following output:
Change Dir: /Users/maxwellkapral/llvm-project/build/CMakeFiles/CMakeTmp

Run Build Command(s):/usr/bin/make cmTC_4e08b/fast && /Applications/Xcode.app/Contents/Developer/usr/bin/make  -f CMakeFiles/cmTC_4e08b.dir/build.make CMakeFiles/cmTC_4e08b.dir/build
Building C object CMakeFiles/cmTC_4e08b.dir/CheckFunctionExists.c.o
/Applications/Xcode.app/Contents/Developer/Toolchains/XcodeDefault.xctoolchain/usr/bin/cc   -DCHECK_FUNCTION_EXISTS=clock_gettime -isysroot /Applications/Xcode.app/Contents/Developer/Platforms/MacOSX.platform/Developer/SDKs/MacOSX11.1.sdk -mmacosx-version-min=10.15 -o CMakeFiles/cmTC_4e08b.dir/CheckFunctionExists.c.o -c /Applications/CMake.app/Contents/share/cmake-3.18/Modules/CheckFunctionExists.c
Linking C executable cmTC_4e08b
/Applications/CMake.app/Contents/bin/cmake -E cmake_link_script CMakeFiles/cmTC_4e08b.dir/link.txt --verbose=1
/Applications/Xcode.app/Contents/Developer/Toolchains/XcodeDefault.xctoolchain/usr/bin/cc  -DCHECK_FUNCTION_EXISTS=clock_gettime -isysroot /Applications/Xcode.app/Contents/Developer/Platforms/MacOSX.platform/Developer/SDKs/MacOSX11.1.sdk -mmacosx-version-min=10.15 -Wl,-search_paths_first -Wl,-headerpad_max_install_names -L/usr/local/opt/bison/lib  CMakeFiles/cmTC_4e08b.dir/CheckFunctionExists.c.o -o cmTC_4e08b  -lrt 
ld: library not found for -lrt
clang: error: linker command failed with exit code 1 (use -v to see invocation)
make[1]: *** [cmTC_4e08b] Error 1
make: *** [cmTC_4e08b/fast] Error 2



Determining if the function pfm_initialize exists in the pfm failed with the following output:
Change Dir: /Users/maxwellkapral/llvm-project/build/CMakeFiles/CMakeTmp

Run Build Command(s):/usr/bin/make cmTC_4aff8/fast && /Applications/Xcode.app/Contents/Developer/usr/bin/make  -f CMakeFiles/cmTC_4aff8.dir/build.make CMakeFiles/cmTC_4aff8.dir/build
Building C object CMakeFiles/cmTC_4aff8.dir/CheckFunctionExists.c.o
/Applications/Xcode.app/Contents/Developer/Toolchains/XcodeDefault.xctoolchain/usr/bin/cc   -DCHECK_FUNCTION_EXISTS=pfm_initialize -isysroot /Applications/Xcode.app/Contents/Developer/Platforms/MacOSX.platform/Developer/SDKs/MacOSX11.1.sdk -mmacosx-version-min=10.15 -o CMakeFiles/cmTC_4aff8.dir/CheckFunctionExists.c.o -c /Applications/CMake.app/Contents/share/cmake-3.18/Modules/CheckFunctionExists.c
Linking C executable cmTC_4aff8
/Applications/CMake.app/Contents/bin/cmake -E cmake_link_script CMakeFiles/cmTC_4aff8.dir/link.txt --verbose=1
/Applications/Xcode.app/Contents/Developer/Toolchains/XcodeDefault.xctoolchain/usr/bin/cc  -DCHECK_FUNCTION_EXISTS=pfm_initialize -isysroot /Applications/Xcode.app/Contents/Developer/Platforms/MacOSX.platform/Developer/SDKs/MacOSX11.1.sdk -mmacosx-version-min=10.15 -Wl,-search_paths_first -Wl,-headerpad_max_install_names -L/usr/local/opt/bison/lib  CMakeFiles/cmTC_4aff8.dir/CheckFunctionExists.c.o -o cmTC_4aff8  -lpfm 
ld: library not found for -lpfm
clang: error: linker command failed with exit code 1 (use -v to see invocation)
make[1]: *** [cmTC_4aff8] Error 1
make: *** [cmTC_4aff8/fast] Error 2



Determining if the posix_fallocate exist failed with the following output:
Change Dir: /Users/maxwellkapral/llvm-project/build/CMakeFiles/CMakeTmp

Run Build Command(s):/usr/bin/make cmTC_2541d/fast && /Applications/Xcode.app/Contents/Developer/usr/bin/make  -f CMakeFiles/cmTC_2541d.dir/build.make CMakeFiles/cmTC_2541d.dir/build
Building C object CMakeFiles/cmTC_2541d.dir/CheckSymbolExists.c.o
/Applications/Xcode.app/Contents/Developer/Toolchains/XcodeDefault.xctoolchain/usr/bin/cc   -Werror=unguarded-availability-new -isysroot /Applications/Xcode.app/Contents/Developer/Platforms/MacOSX.platform/Developer/SDKs/MacOSX11.1.sdk -mmacosx-version-min=10.15 -o CMakeFiles/cmTC_2541d.dir/CheckSymbolExists.c.o -c /Users/maxwellkapral/llvm-project/build/CMakeFiles/CMakeTmp/CheckSymbolExists.c
/Users/maxwellkapral/llvm-project/build/CMakeFiles/CMakeTmp/CheckSymbolExists.c:8:19: error: use of undeclared identifier 'posix_fallocate'
  return ((int*)(&posix_fallocate))[argc];
                  ^
1 error generated.
make[1]: *** [CMakeFiles/cmTC_2541d.dir/CheckSymbolExists.c.o] Error 1
make: *** [cmTC_2541d/fast] Error 2


File /Users/maxwellkapral/llvm-project/build/CMakeFiles/CMakeTmp/CheckSymbolExists.c:
/* */
#include <fcntl.h>

int main(int argc, char** argv)
{
  (void)argv;
#ifndef posix_fallocate
  return ((int*)(&posix_fallocate))[argc];
#else
  (void)argc;
  return 0;
#endif
}
Determining if the lseek64 exist failed with the following output:
Change Dir: /Users/maxwellkapral/llvm-project/build/CMakeFiles/CMakeTmp

Run Build Command(s):/usr/bin/make cmTC_c0061/fast && /Applications/Xcode.app/Contents/Developer/usr/bin/make  -f CMakeFiles/cmTC_c0061.dir/build.make CMakeFiles/cmTC_c0061.dir/build
Building C object CMakeFiles/cmTC_c0061.dir/CheckSymbolExists.c.o
/Applications/Xcode.app/Contents/Developer/Toolchains/XcodeDefault.xctoolchain/usr/bin/cc -D_LARGEFILE64_SOURCE  -Werror=unguarded-availability-new -isysroot /Applications/Xcode.app/Contents/Developer/Platforms/MacOSX.platform/Developer/SDKs/MacOSX11.1.sdk -mmacosx-version-min=10.15 -o CMakeFiles/cmTC_c0061.dir/CheckSymbolExists.c.o -c /Users/maxwellkapral/llvm-project/build/CMakeFiles/CMakeTmp/CheckSymbolExists.c
/Users/maxwellkapral/llvm-project/build/CMakeFiles/CMakeTmp/CheckSymbolExists.c:9:19: error: use of undeclared identifier 'lseek64'; did you mean 'lseek'?
  return ((int*)(&lseek64))[argc];
                  ^~~~~~~
                  lseek
/Applications/Xcode.app/Contents/Developer/Platforms/MacOSX.platform/Developer/SDKs/MacOSX11.1.sdk/usr/include/unistd.h:465:8: note: 'lseek' declared here
off_t    lseek(int, off_t, int);
         ^
1 error generated.
make[1]: *** [CMakeFiles/cmTC_c0061.dir/CheckSymbolExists.c.o] Error 1
make: *** [cmTC_c0061/fast] Error 2


File /Users/maxwellkapral/llvm-project/build/CMakeFiles/CMakeTmp/CheckSymbolExists.c:
/* */
#include <sys/types.h>
#include <unistd.h>

int main(int argc, char** argv)
{
  (void)argv;
#ifndef lseek64
  return ((int*)(&lseek64))[argc];
#else
  (void)argc;
  return 0;
#endif
}
Determining if the mallctl exist failed with the following output:
Change Dir: /Users/maxwellkapral/llvm-project/build/CMakeFiles/CMakeTmp

Run Build Command(s):/usr/bin/make cmTC_8e964/fast && /Applications/Xcode.app/Contents/Developer/usr/bin/make  -f CMakeFiles/cmTC_8e964.dir/build.make CMakeFiles/cmTC_8e964.dir/build
Building C object CMakeFiles/cmTC_8e964.dir/CheckSymbolExists.c.o
/Applications/Xcode.app/Contents/Developer/Toolchains/XcodeDefault.xctoolchain/usr/bin/cc   -Werror=unguarded-availability-new -isysroot /Applications/Xcode.app/Contents/Developer/Platforms/MacOSX.platform/Developer/SDKs/MacOSX11.1.sdk -mmacosx-version-min=10.15 -o CMakeFiles/cmTC_8e964.dir/CheckSymbolExists.c.o -c /Users/maxwellkapral/llvm-project/build/CMakeFiles/CMakeTmp/CheckSymbolExists.c
/Users/maxwellkapral/llvm-project/build/CMakeFiles/CMakeTmp/CheckSymbolExists.c:2:10: fatal error: 'malloc_np.h' file not found
#include <malloc_np.h>
         ^~~~~~~~~~~~~
1 error generated.
make[1]: *** [CMakeFiles/cmTC_8e964.dir/CheckSymbolExists.c.o] Error 1
make: *** [cmTC_8e964/fast] Error 2


File /Users/maxwellkapral/llvm-project/build/CMakeFiles/CMakeTmp/CheckSymbolExists.c:
/* */
#include <malloc_np.h>

int main(int argc, char** argv)
{
  (void)argv;
#ifndef mallctl
  return ((int*)(&mallctl))[argc];
#else
  (void)argc;
  return 0;
#endif
}
Determining if the mallinfo exist failed with the following output:
Change Dir: /Users/maxwellkapral/llvm-project/build/CMakeFiles/CMakeTmp

Run Build Command(s):/usr/bin/make cmTC_6c573/fast && /Applications/Xcode.app/Contents/Developer/usr/bin/make  -f CMakeFiles/cmTC_6c573.dir/build.make CMakeFiles/cmTC_6c573.dir/build
Building C object CMakeFiles/cmTC_6c573.dir/CheckSymbolExists.c.o
/Applications/Xcode.app/Contents/Developer/Toolchains/XcodeDefault.xctoolchain/usr/bin/cc   -Werror=unguarded-availability-new -isysroot /Applications/Xcode.app/Contents/Developer/Platforms/MacOSX.platform/Developer/SDKs/MacOSX11.1.sdk -mmacosx-version-min=10.15 -o CMakeFiles/cmTC_6c573.dir/CheckSymbolExists.c.o -c /Users/maxwellkapral/llvm-project/build/CMakeFiles/CMakeTmp/CheckSymbolExists.c
/Users/maxwellkapral/llvm-project/build/CMakeFiles/CMakeTmp/CheckSymbolExists.c:2:10: fatal error: 'malloc.h' file not found
#include <malloc.h>
         ^~~~~~~~~~
1 error generated.
make[1]: *** [CMakeFiles/cmTC_6c573.dir/CheckSymbolExists.c.o] Error 1
make: *** [cmTC_6c573/fast] Error 2


File /Users/maxwellkapral/llvm-project/build/CMakeFiles/CMakeTmp/CheckSymbolExists.c:
/* */
#include <malloc.h>

int main(int argc, char** argv)
{
  (void)argv;
#ifndef mallinfo
  return ((int*)(&mallinfo))[argc];
#else
  (void)argc;
  return 0;
#endif
}
Determining if the strerror_s exist failed with the following output:
Change Dir: /Users/maxwellkapral/llvm-project/build/CMakeFiles/CMakeTmp

Run Build Command(s):/usr/bin/make cmTC_a2f4c/fast && /Applications/Xcode.app/Contents/Developer/usr/bin/make  -f CMakeFiles/cmTC_a2f4c.dir/build.make CMakeFiles/cmTC_a2f4c.dir/build
Building C object CMakeFiles/cmTC_a2f4c.dir/CheckSymbolExists.c.o
/Applications/Xcode.app/Contents/Developer/Toolchains/XcodeDefault.xctoolchain/usr/bin/cc   -Werror=unguarded-availability-new -isysroot /Applications/Xcode.app/Contents/Developer/Platforms/MacOSX.platform/Developer/SDKs/MacOSX11.1.sdk -mmacosx-version-min=10.15 -o CMakeFiles/cmTC_a2f4c.dir/CheckSymbolExists.c.o -c /Users/maxwellkapral/llvm-project/build/CMakeFiles/CMakeTmp/CheckSymbolExists.c
/Users/maxwellkapral/llvm-project/build/CMakeFiles/CMakeTmp/CheckSymbolExists.c:8:19: error: use of undeclared identifier 'strerror_s'; did you mean 'strerror_r'?
  return ((int*)(&strerror_s))[argc];
                  ^~~~~~~~~~
                  strerror_r
/Applications/Xcode.app/Contents/Developer/Platforms/MacOSX.platform/Developer/SDKs/MacOSX11.1.sdk/usr/include/string.h:116:6: note: 'strerror_r' declared here
int      strerror_r(int __errnum, char *__strerrbuf, size_t __buflen);
         ^
1 error generated.
make[1]: *** [CMakeFiles/cmTC_a2f4c.dir/CheckSymbolExists.c.o] Error 1
make: *** [cmTC_a2f4c/fast] Error 2


File /Users/maxwellkapral/llvm-project/build/CMakeFiles/CMakeTmp/CheckSymbolExists.c:
/* */
#include <string.h>

int main(int argc, char** argv)
{
  (void)argv;
#ifndef strerror_s
  return ((int*)(&strerror_s))[argc];
#else
  (void)argc;
  return 0;
#endif
}
Performing C SOURCE FILE Test HAVE_STRUCT_STAT_ST_MTIM_TV_NSEC failed with the following output:
Change Dir: /Users/maxwellkapral/llvm-project/build/CMakeFiles/CMakeTmp

Run Build Command(s):/usr/bin/make cmTC_be783/fast && /Applications/Xcode.app/Contents/Developer/usr/bin/make  -f CMakeFiles/cmTC_be783.dir/build.make CMakeFiles/cmTC_be783.dir/build
Building C object CMakeFiles/cmTC_be783.dir/src.c.o
/Applications/Xcode.app/Contents/Developer/Toolchains/XcodeDefault.xctoolchain/usr/bin/cc   -DHAVE_STRUCT_STAT_ST_MTIM_TV_NSEC  -Werror=unguarded-availability-new -isysroot /Applications/Xcode.app/Contents/Developer/Platforms/MacOSX.platform/Developer/SDKs/MacOSX11.1.sdk -mmacosx-version-min=10.15 -o CMakeFiles/cmTC_be783.dir/src.c.o -c /Users/maxwellkapral/llvm-project/build/CMakeFiles/CMakeTmp/src.c
/Users/maxwellkapral/llvm-project/build/CMakeFiles/CMakeTmp/src.c:7:36: error: no member named 'st_mtim' in 'struct stat'
  (void)sizeof(((struct stat *)0)->st_mtim.tv_nsec);
               ~~~~~~~~~~~~~~~~~~  ^
1 error generated.
make[1]: *** [CMakeFiles/cmTC_be783.dir/src.c.o] Error 1
make: *** [cmTC_be783/fast] Error 2


Source file was:

#include <sys/types.h>
#include <sys/stat.h>

int main()
{
  (void)sizeof(((struct stat *)0)->st_mtim.tv_nsec);
  return 0;
}

Determining if the __GLIBC__ exist failed with the following output:
Change Dir: /Users/maxwellkapral/llvm-project/build/CMakeFiles/CMakeTmp

Run Build Command(s):/usr/bin/make cmTC_da921/fast && /Applications/Xcode.app/Contents/Developer/usr/bin/make  -f CMakeFiles/cmTC_da921.dir/build.make CMakeFiles/cmTC_da921.dir/build
Building C object CMakeFiles/cmTC_da921.dir/CheckSymbolExists.c.o
/Applications/Xcode.app/Contents/Developer/Toolchains/XcodeDefault.xctoolchain/usr/bin/cc   -Werror=unguarded-availability-new -isysroot /Applications/Xcode.app/Contents/Developer/Platforms/MacOSX.platform/Developer/SDKs/MacOSX11.1.sdk -mmacosx-version-min=10.15 -o CMakeFiles/cmTC_da921.dir/CheckSymbolExists.c.o -c /Users/maxwellkapral/llvm-project/build/CMakeFiles/CMakeTmp/CheckSymbolExists.c
/Users/maxwellkapral/llvm-project/build/CMakeFiles/CMakeTmp/CheckSymbolExists.c:8:19: error: use of undeclared identifier '__GLIBC__'
  return ((int*)(&__GLIBC__))[argc];
                  ^
1 error generated.
make[1]: *** [CMakeFiles/cmTC_da921.dir/CheckSymbolExists.c.o] Error 1
make: *** [cmTC_da921/fast] Error 2


File /Users/maxwellkapral/llvm-project/build/CMakeFiles/CMakeTmp/CheckSymbolExists.c:
/* */
#include <stdio.h>

int main(int argc, char** argv)
{
  (void)argv;
#ifndef __GLIBC__
  return ((int*)(&__GLIBC__))[argc];
#else
  (void)argc;
  return 0;
#endif
}
Performing C++ SOURCE FILE Test CXX_SUPPORTS_CLASS_MEMACCESS_FLAG failed with the following output:
Change Dir: /Users/maxwellkapral/llvm-project/build/CMakeFiles/CMakeTmp

Run Build Command(s):/usr/bin/make cmTC_8d6bf/fast && /Applications/Xcode.app/Contents/Developer/usr/bin/make  -f CMakeFiles/cmTC_8d6bf.dir/build.make CMakeFiles/cmTC_8d6bf.dir/build
Building CXX object CMakeFiles/cmTC_8d6bf.dir/src.cxx.o
/Applications/Xcode.app/Contents/Developer/Toolchains/XcodeDefault.xctoolchain/usr/bin/c++   -fPIC -fvisibility-inlines-hidden -Werror=date-time -Werror=unguarded-availability-new -Wall -Wextra -Wno-unused-parameter -Wwrite-strings -Wcast-qual -Wmissing-field-initializers -pedantic -Wno-long-long -Wimplicit-fallthrough -Wcovered-switch-default -DCXX_SUPPORTS_CLASS_MEMACCESS_FLAG  -Werror=unguarded-availability-new -isysroot /Applications/Xcode.app/Contents/Developer/Platforms/MacOSX.platform/Developer/SDKs/MacOSX11.1.sdk -mmacosx-version-min=10.15   -Wclass-memaccess -std=c++14 -o CMakeFiles/cmTC_8d6bf.dir/src.cxx.o -c /Users/maxwellkapral/llvm-project/build/CMakeFiles/CMakeTmp/src.cxx
warning: unknown warning option '-Wclass-memaccess'; did you mean '-Wclass-varargs'? [-Wunknown-warning-option]
1 warning generated.
Linking CXX executable cmTC_8d6bf
/Applications/CMake.app/Contents/bin/cmake -E cmake_link_script CMakeFiles/cmTC_8d6bf.dir/link.txt --verbose=1
/Applications/Xcode.app/Contents/Developer/Toolchains/XcodeDefault.xctoolchain/usr/bin/c++  -fPIC -fvisibility-inlines-hidden -Werror=date-time -Werror=unguarded-availability-new -Wall -Wextra -Wno-unused-parameter -Wwrite-strings -Wcast-qual -Wmissing-field-initializers -pedantic -Wno-long-long -Wimplicit-fallthrough -Wcovered-switch-default -DCXX_SUPPORTS_CLASS_MEMACCESS_FLAG  -Werror=unguarded-availability-new -isysroot /Applications/Xcode.app/Contents/Developer/Platforms/MacOSX.platform/Developer/SDKs/MacOSX11.1.sdk -mmacosx-version-min=10.15 -Wl,-search_paths_first -Wl,-headerpad_max_install_names -L/usr/local/opt/bison/lib  CMakeFiles/cmTC_8d6bf.dir/src.cxx.o -o cmTC_8d6bf 


Source file was:
int main() { return 0; }
Performing C++ SOURCE FILE Test CXX_SUPPORTS_SUGGEST_OVERRIDE_FLAG failed with the following output:
Change Dir: /Users/maxwellkapral/llvm-project/build/CMakeFiles/CMakeTmp

Run Build Command(s):/usr/bin/make cmTC_de99e/fast && /Applications/Xcode.app/Contents/Developer/usr/bin/make  -f CMakeFiles/cmTC_de99e.dir/build.make CMakeFiles/cmTC_de99e.dir/build
Building CXX object CMakeFiles/cmTC_de99e.dir/src.cxx.o
/Applications/Xcode.app/Contents/Developer/Toolchains/XcodeDefault.xctoolchain/usr/bin/c++   -fPIC -fvisibility-inlines-hidden -Werror=date-time -Werror=unguarded-availability-new -Wall -Wextra -Wno-unused-parameter -Wwrite-strings -Wcast-qual -Wmissing-field-initializers -pedantic -Wno-long-long -Wimplicit-fallthrough -Wcovered-switch-default -Wno-noexcept-type -Wnon-virtual-dtor -Wdelete-non-virtual-dtor -DCXX_SUPPORTS_SUGGEST_OVERRIDE_FLAG  -Werror=unguarded-availability-new -isysroot /Applications/Xcode.app/Contents/Developer/Platforms/MacOSX.platform/Developer/SDKs/MacOSX11.1.sdk -mmacosx-version-min=10.15   -Wsuggest-override -std=c++14 -o CMakeFiles/cmTC_de99e.dir/src.cxx.o -c /Users/maxwellkapral/llvm-project/build/CMakeFiles/CMakeTmp/src.cxx
warning: unknown warning option '-Wsuggest-override'; did you mean '-Wshift-overflow'? [-Wunknown-warning-option]
1 warning generated.
Linking CXX executable cmTC_de99e
/Applications/CMake.app/Contents/bin/cmake -E cmake_link_script CMakeFiles/cmTC_de99e.dir/link.txt --verbose=1
/Applications/Xcode.app/Contents/Developer/Toolchains/XcodeDefault.xctoolchain/usr/bin/c++  -fPIC -fvisibility-inlines-hidden -Werror=date-time -Werror=unguarded-availability-new -Wall -Wextra -Wno-unused-parameter -Wwrite-strings -Wcast-qual -Wmissing-field-initializers -pedantic -Wno-long-long -Wimplicit-fallthrough -Wcovered-switch-default -Wno-noexcept-type -Wnon-virtual-dtor -Wdelete-non-virtual-dtor -DCXX_SUPPORTS_SUGGEST_OVERRIDE_FLAG  -Werror=unguarded-availability-new -isysroot /Applications/Xcode.app/Contents/Developer/Platforms/MacOSX.platform/Developer/SDKs/MacOSX11.1.sdk -mmacosx-version-min=10.15 -Wl,-search_paths_first -Wl,-headerpad_max_install_names -L/usr/local/opt/bison/lib  CMakeFiles/cmTC_de99e.dir/src.cxx.o -o cmTC_de99e 


Source file was:
int main() { return 0; }
Performing C++ SOURCE FILE Test HAVE_CXX_FLAG_WD654 failed with the following output:
Change Dir: /Users/maxwellkapral/llvm-project/build/CMakeFiles/CMakeTmp

Run Build Command(s):/usr/bin/make cmTC_1d4d8/fast && /Applications/Xcode.app/Contents/Developer/usr/bin/make  -f CMakeFiles/cmTC_1d4d8.dir/build.make CMakeFiles/cmTC_1d4d8.dir/build
Building CXX object CMakeFiles/cmTC_1d4d8.dir/src.cxx.o
/Applications/Xcode.app/Contents/Developer/Toolchains/XcodeDefault.xctoolchain/usr/bin/c++   -fPIC -fvisibility-inlines-hidden -Werror=date-time -Werror=unguarded-availability-new -Wall -Wextra -Wno-unused-parameter -Wwrite-strings -Wcast-qual -Wmissing-field-initializers -pedantic -Wno-long-long -Wimplicit-fallthrough -Wcovered-switch-default -Wno-noexcept-type -Wnon-virtual-dtor -Wdelete-non-virtual-dtor -Wstring-conversion  -std=c++11  -Wall  -Wextra  -Wshadow  -pedantic  -pedantic-errors  -Wshorten-64-to-32  -Wfloat-equal  -fstrict-aliasing  -fno-exceptions  -Wstrict-aliasing -DHAVE_CXX_FLAG_WD654  -Werror=unguarded-availability-new -wd654 -isysroot /Applications/Xcode.app/Contents/Developer/Platforms/MacOSX.platform/Developer/SDKs/MacOSX11.1.sdk -mmacosx-version-min=10.15   -wd654 -std=c++14 -o CMakeFiles/cmTC_1d4d8.dir/src.cxx.o -c /Users/maxwellkapral/llvm-project/build/CMakeFiles/CMakeTmp/src.cxx
clang: error: unknown argument: '-wd654'
clang: error: unknown argument: '-wd654'
make[1]: *** [CMakeFiles/cmTC_1d4d8.dir/src.cxx.o] Error 1
make: *** [cmTC_1d4d8/fast] Error 2


Source file was:
int main() { return 0; }
